{"D:\\ItIncubator\\samurai\\study\\NodeJsCourse\\myApi\\src\\app.ts": {"path":"D:\\ItIncubator\\samurai\\study\\NodeJsCourse\\myApi\\src\\app.ts","statementMap":{"0":{"start":{"line":1,"column":0},"end":{"line":1,"column":43}},"1":{"start":{"line":3,"column":0},"end":{"line":3,"column":57}},"2":{"start":{"line":4,"column":0},"end":{"line":4,"column":47}},"3":{"start":{"line":5,"column":0},"end":{"line":5,"column":32}},"4":{"start":{"line":6,"column":0},"end":{"line":6,"column":56}},"5":{"start":{"line":7,"column":0},"end":{"line":7,"column":26}},"6":{"start":{"line":8,"column":0},"end":{"line":8,"column":35}},"7":{"start":{"line":11,"column":0},"end":{"line":11,"column":58}},"8":{"start":{"line":12,"column":0},"end":{"line":12,"column":58}},"9":{"start":{"line":15,"column":0},"end":{"line":57,"column":null}},"10":{"start":{"line":21,"column":40},"end":{"line":21,"column":48}},"11":{"start":{"line":22,"column":41},"end":{"line":22,"column":57}},"12":{"start":{"line":23,"column":41},"end":{"line":23,"column":73}},"13":{"start":{"line":24,"column":39},"end":{"line":24,"column":68}},"14":{"start":{"line":25,"column":39},"end":{"line":25,"column":54}},"15":{"start":{"line":27,"column":2},"end":{"line":27,"column":23}},"16":{"start":{"line":28,"column":2},"end":{"line":28,"column":19}},"17":{"start":{"line":32,"column":2},"end":{"line":32,"column":23}},"18":{"start":{"line":33,"column":25},"end":{"line":33,"column":77}},"19":{"start":{"line":34,"column":2},"end":{"line":34,"column":60}},"20":{"start":{"line":38,"column":2},"end":{"line":38,"column":53}},"21":{"start":{"line":42,"column":2},"end":{"line":42,"column":68}},"22":{"start":{"line":46,"column":2},"end":{"line":46,"column":23}},"23":{"start":{"line":47,"column":2},"end":{"line":47,"column":19}},"24":{"start":{"line":48,"column":2},"end":{"line":48,"column":29}},"25":{"start":{"line":49,"column":2},"end":{"line":49,"column":37}},"26":{"start":{"line":50,"column":2},"end":{"line":50,"column":43}},"27":{"start":{"line":51,"column":2},"end":{"line":51,"column":69}},"28":{"start":{"line":55,"column":2},"end":{"line":55,"column":22}},"29":{"start":{"line":15,"column":13},"end":{"line":57,"column":null}},"30":{"start":{"line":15,"column":13},"end":{"line":15,"column":16}}},"fnMap":{"0":{"name":"(anonymous_12)","decl":{"start":{"line":20,"column":1},"end":{"line":20,"column":null}},"loc":{"start":{"line":25,"column":67},"end":{"line":29,"column":2}}},"1":{"name":"(anonymous_13)","decl":{"start":{"line":31,"column":1},"end":{"line":31,"column":14}},"loc":{"start":{"line":31,"column":14},"end":{"line":35,"column":2}}},"2":{"name":"(anonymous_14)","decl":{"start":{"line":37,"column":1},"end":{"line":37,"column":10}},"loc":{"start":{"line":37,"column":10},"end":{"line":39,"column":2}}},"3":{"name":"(anonymous_15)","decl":{"start":{"line":41,"column":1},"end":{"line":41,"column":20}},"loc":{"start":{"line":41,"column":20},"end":{"line":43,"column":2}}},"4":{"name":"(anonymous_16)","decl":{"start":{"line":45,"column":14},"end":{"line":45,"column":18}},"loc":{"start":{"line":45,"column":18},"end":{"line":52,"column":null}}},"5":{"name":"(anonymous_18)","decl":{"start":{"line":54,"column":8},"end":{"line":54,"column":13}},"loc":{"start":{"line":54,"column":13},"end":{"line":56,"column":2}}}},"branchMap":{},"s":{"0":1,"1":1,"2":1,"3":1,"4":1,"5":1,"6":1,"7":1,"8":1,"9":1,"10":1,"11":1,"12":1,"13":1,"14":1,"15":1,"16":1,"17":1,"18":1,"19":1,"20":1,"21":1,"22":1,"23":1,"24":1,"25":1,"26":1,"27":1,"28":1,"29":1,"30":1},"f":{"0":1,"1":1,"2":1,"3":1,"4":1,"5":1},"b":{}}
,"D:\\ItIncubator\\samurai\\study\\NodeJsCourse\\myApi\\src\\main.ts": {"path":"D:\\ItIncubator\\samurai\\study\\NodeJsCourse\\myApi\\src\\main.ts","statementMap":{"0":{"start":{"line":1,"column":0},"end":{"line":1,"column":28}},"1":{"start":{"line":2,"column":0},"end":{"line":2,"column":56}},"2":{"start":{"line":3,"column":0},"end":{"line":3,"column":57}},"3":{"start":{"line":4,"column":0},"end":{"line":4,"column":60}},"4":{"start":{"line":5,"column":0},"end":{"line":5,"column":67}},"5":{"start":{"line":7,"column":0},"end":{"line":7,"column":32}},"6":{"start":{"line":10,"column":0},"end":{"line":10,"column":53}},"7":{"start":{"line":12,"column":0},"end":{"line":12,"column":56}},"8":{"start":{"line":13,"column":0},"end":{"line":13,"column":58}},"9":{"start":{"line":14,"column":0},"end":{"line":14,"column":59}},"10":{"start":{"line":22,"column":13},"end":{"line":31,"column":3}},"11":{"start":{"line":23,"column":1},"end":{"line":23,"column":83}},"12":{"start":{"line":24,"column":1},"end":{"line":24,"column":67}},"13":{"start":{"line":25,"column":1},"end":{"line":25,"column":65}},"14":{"start":{"line":26,"column":1},"end":{"line":26,"column":57}},"15":{"start":{"line":27,"column":1},"end":{"line":27,"column":79}},"16":{"start":{"line":28,"column":1},"end":{"line":28,"column":80}},"17":{"start":{"line":29,"column":1},"end":{"line":29,"column":86}},"18":{"start":{"line":30,"column":1},"end":{"line":30,"column":38}},"19":{"start":{"line":34,"column":22},"end":{"line":34,"column":37}},"20":{"start":{"line":35,"column":1},"end":{"line":35,"column":32}},"21":{"start":{"line":36,"column":13},"end":{"line":36,"column":53}},"22":{"start":{"line":37,"column":1},"end":{"line":37,"column":18}},"23":{"start":{"line":38,"column":1},"end":{"line":38,"column":30}},"24":{"start":{"line":41,"column":13},"end":{"line":41,"column":32}}},"fnMap":{"0":{"name":"(anonymous_7)","decl":{"start":{"line":22,"column":47},"end":{"line":22,"column":48}},"loc":{"start":{"line":22,"column":73},"end":{"line":31,"column":1}}},"1":{"name":"bootstrap","decl":{"start":{"line":33,"column":15},"end":{"line":33,"column":24}},"loc":{"start":{"line":33,"column":24},"end":{"line":39,"column":null}}}},"branchMap":{},"s":{"0":1,"1":1,"2":1,"3":1,"4":1,"5":1,"6":1,"7":1,"8":1,"9":1,"10":1,"11":1,"12":1,"13":1,"14":1,"15":1,"16":1,"17":1,"18":1,"19":1,"20":1,"21":1,"22":1,"23":1,"24":1},"f":{"0":1,"1":1},"b":{}}
,"D:\\ItIncubator\\samurai\\study\\NodeJsCourse\\myApi\\src\\types.ts": {"path":"D:\\ItIncubator\\samurai\\study\\NodeJsCourse\\myApi\\src\\types.ts","statementMap":{"0":{"start":{"line":5,"column":13},"end":{"line":14,"column":2}}},"fnMap":{},"branchMap":{},"s":{"0":1},"f":{},"b":{}}
,"D:\\ItIncubator\\samurai\\study\\NodeJsCourse\\myApi\\src\\common\\auth.guard.ts": {"path":"D:\\ItIncubator\\samurai\\study\\NodeJsCourse\\myApi\\src\\common\\auth.guard.ts","statementMap":{"0":{"start":{"line":6,"column":2},"end":{"line":8,"column":null}},"1":{"start":{"line":7,"column":3},"end":{"line":7,"column":17}},"2":{"start":{"line":10,"column":2},"end":{"line":10,"column":59}},"3":{"start":{"line":4,"column":0},"end":{"line":4,"column":13}}},"fnMap":{"0":{"name":"(anonymous_0)","decl":{"start":{"line":5,"column":1},"end":{"line":5,"column":8}},"loc":{"start":{"line":5,"column":56},"end":{"line":11,"column":2}}}},"branchMap":{"0":{"loc":{"start":{"line":6,"column":2},"end":{"line":8,"column":null}},"type":"if","locations":[{"start":{"line":6,"column":2},"end":{"line":8,"column":null}}]}},"s":{"0":2,"1":1,"2":1,"3":1},"f":{"0":2},"b":{"0":[1]}}
,"D:\\ItIncubator\\samurai\\study\\NodeJsCourse\\myApi\\src\\common\\auth.middleware.ts": {"path":"D:\\ItIncubator\\samurai\\study\\NodeJsCourse\\myApi\\src\\common\\auth.middleware.ts","statementMap":{"0":{"start":{"line":3,"column":0},"end":{"line":3,"column":38}},"1":{"start":{"line":6,"column":21},"end":{"line":6,"column":35}},"2":{"start":{"line":9,"column":2},"end":{"line":22,"column":null}},"3":{"start":{"line":10,"column":3},"end":{"line":19,"column":6}},"4":{"start":{"line":11,"column":4},"end":{"line":18,"column":null}},"5":{"start":{"line":12,"column":5},"end":{"line":12,"column":12}},"6":{"start":{"line":13,"column":11},"end":{"line":18,"column":null}},"7":{"start":{"line":14,"column":5},"end":{"line":16,"column":null}},"8":{"start":{"line":15,"column":6},"end":{"line":15,"column":31}},"9":{"start":{"line":17,"column":5},"end":{"line":17,"column":12}},"10":{"start":{"line":21,"column":3},"end":{"line":21,"column":10}},"11":{"start":{"line":5,"column":0},"end":{"line":5,"column":13}}},"fnMap":{"0":{"name":"(anonymous_0)","decl":{"start":{"line":6,"column":1},"end":{"line":6,"column":21}},"loc":{"start":{"line":6,"column":35},"end":{"line":6,"column":39}}},"1":{"name":"(anonymous_1)","decl":{"start":{"line":8,"column":1},"end":{"line":8,"column":8}},"loc":{"start":{"line":8,"column":61},"end":{"line":23,"column":2}}},"2":{"name":"(anonymous_2)","decl":{"start":{"line":10,"column":64},"end":{"line":10,"column":65}},"loc":{"start":{"line":10,"column":81},"end":{"line":19,"column":4}}}},"branchMap":{"0":{"loc":{"start":{"line":9,"column":2},"end":{"line":22,"column":null}},"type":"if","locations":[{"start":{"line":9,"column":2},"end":{"line":22,"column":null}},{"start":{"line":20,"column":9},"end":{"line":22,"column":null}}]},"1":{"loc":{"start":{"line":11,"column":4},"end":{"line":18,"column":null}},"type":"if","locations":[{"start":{"line":11,"column":4},"end":{"line":18,"column":null}},{"start":{"line":13,"column":11},"end":{"line":18,"column":null}}]},"2":{"loc":{"start":{"line":13,"column":11},"end":{"line":18,"column":null}},"type":"if","locations":[{"start":{"line":13,"column":11},"end":{"line":18,"column":null}}]},"3":{"loc":{"start":{"line":14,"column":5},"end":{"line":16,"column":null}},"type":"if","locations":[{"start":{"line":14,"column":5},"end":{"line":16,"column":null}}]}},"s":{"0":1,"1":1,"2":8,"3":2,"4":2,"5":1,"6":1,"7":1,"8":1,"9":1,"10":6,"11":1},"f":{"0":1,"1":8,"2":2},"b":{"0":[2,6],"1":[1,1],"2":[1],"3":[1]}}
,"D:\\ItIncubator\\samurai\\study\\NodeJsCourse\\myApi\\src\\common\\base.controller.ts": {"path":"D:\\ItIncubator\\samurai\\study\\NodeJsCourse\\myApi\\src\\common\\base.controller.ts","statementMap":{"0":{"start":{"line":1,"column":0},"end":{"line":1,"column":43}},"1":{"start":{"line":3,"column":0},"end":{"line":3,"column":47}},"2":{"start":{"line":4,"column":0},"end":{"line":4,"column":26}},"3":{"start":{"line":5,"column":0},"end":{"line":5,"column":33}},"4":{"start":{"line":9,"column":0},"end":{"line":42,"column":null}},"5":{"start":{"line":12,"column":51},"end":{"line":12,"column":75}},"6":{"start":{"line":13,"column":2},"end":{"line":13,"column":26}},"7":{"start":{"line":17,"column":2},"end":{"line":17,"column":22}},"8":{"start":{"line":21,"column":2},"end":{"line":21,"column":31}},"9":{"start":{"line":22,"column":2},"end":{"line":22,"column":40}},"10":{"start":{"line":26,"column":2},"end":{"line":26,"column":29}},"11":{"start":{"line":30,"column":2},"end":{"line":30,"column":34}},"12":{"start":{"line":34,"column":2},"end":{"line":40,"column":null}},"13":{"start":{"line":35,"column":3},"end":{"line":35,"column":54}},"14":{"start":{"line":36,"column":22},"end":{"line":36,"column":70}},"15":{"start":{"line":36,"column":52},"end":{"line":36,"column":69}},"16":{"start":{"line":37,"column":19},"end":{"line":37,"column":40}},"17":{"start":{"line":38,"column":20},"end":{"line":38,"column":67}},"18":{"start":{"line":39,"column":3},"end":{"line":39,"column":51}},"19":{"start":{"line":9,"column":22},"end":{"line":42,"column":null}},"20":{"start":{"line":9,"column":22},"end":{"line":9,"column":36}}},"fnMap":{"0":{"name":"(anonymous_4)","decl":{"start":{"line":12,"column":1},"end":{"line":12,"column":14}},"loc":{"start":{"line":12,"column":75},"end":{"line":14,"column":2}}},"1":{"name":"(anonymous_5)","decl":{"start":{"line":16,"column":1},"end":{"line":16,"column":5}},"loc":{"start":{"line":16,"column":11},"end":{"line":18,"column":2}}},"2":{"name":"(anonymous_6)","decl":{"start":{"line":20,"column":8},"end":{"line":20,"column":12}},"loc":{"start":{"line":20,"column":55},"end":{"line":23,"column":2}}},"3":{"name":"(anonymous_7)","decl":{"start":{"line":25,"column":8},"end":{"line":25,"column":15}},"loc":{"start":{"line":25,"column":29},"end":{"line":27,"column":2}}},"4":{"name":"(anonymous_8)","decl":{"start":{"line":29,"column":8},"end":{"line":29,"column":10}},"loc":{"start":{"line":29,"column":39},"end":{"line":31,"column":2}}},"5":{"name":"(anonymous_9)","decl":{"start":{"line":33,"column":11},"end":{"line":33,"column":21}},"loc":{"start":{"line":33,"column":48},"end":{"line":41,"column":2}}},"6":{"name":"(anonymous_10)","decl":{"start":{"line":36,"column":45},"end":{"line":36,"column":46}},"loc":{"start":{"line":36,"column":52},"end":{"line":36,"column":69}}}},"branchMap":{"0":{"loc":{"start":{"line":36,"column":22},"end":{"line":36,"column":70}},"type":"cond-expr","locations":[{"start":{"line":36,"column":39},"end":{"line":36,"column":41}},{"start":{"line":36,"column":39},"end":{"line":36,"column":70}}]},"1":{"loc":{"start":{"line":36,"column":22},"end":{"line":36,"column":41}},"type":"binary-expr","locations":[{"start":{"line":36,"column":22},"end":{"line":36,"column":41}},{"start":{"line":36,"column":39},"end":{"line":36,"column":41}}]},"2":{"loc":{"start":{"line":38,"column":20},"end":{"line":38,"column":67}},"type":"cond-expr","locations":[{"start":{"line":38,"column":33},"end":{"line":38,"column":57}},{"start":{"line":38,"column":60},"end":{"line":38,"column":67}}]}},"s":{"0":1,"1":1,"2":1,"3":1,"4":1,"5":1,"6":1,"7":4,"8":5,"9":5,"10":0,"11":5,"12":1,"13":3,"14":3,"15":3,"16":3,"17":3,"18":3,"19":1,"20":1},"f":{"0":1,"1":4,"2":5,"3":0,"4":5,"5":1,"6":3},"b":{"0":[0,3],"1":[3,3],"2":[3,0]}}
,"D:\\ItIncubator\\samurai\\study\\NodeJsCourse\\myApi\\src\\common\\validate.middleware.ts": {"path":"D:\\ItIncubator\\samurai\\study\\NodeJsCourse\\myApi\\src\\common\\validate.middleware.ts","statementMap":{"0":{"start":{"line":3,"column":0},"end":{"line":3,"column":67}},"1":{"start":{"line":4,"column":0},"end":{"line":4,"column":43}},"2":{"start":{"line":7,"column":21},"end":{"line":7,"column":62}},"3":{"start":{"line":10,"column":19},"end":{"line":10,"column":59}},"4":{"start":{"line":11,"column":2},"end":{"line":17,"column":5}},"5":{"start":{"line":12,"column":3},"end":{"line":16,"column":null}},"6":{"start":{"line":13,"column":4},"end":{"line":13,"column":33}},"7":{"start":{"line":15,"column":4},"end":{"line":15,"column":11}},"8":{"start":{"line":6,"column":0},"end":{"line":6,"column":13}}},"fnMap":{"0":{"name":"(anonymous_0)","decl":{"start":{"line":7,"column":1},"end":{"line":7,"column":21}},"loc":{"start":{"line":7,"column":62},"end":{"line":7,"column":66}}},"1":{"name":"(anonymous_1)","decl":{"start":{"line":9,"column":1},"end":{"line":9,"column":8}},"loc":{"start":{"line":9,"column":61},"end":{"line":18,"column":2}}},"2":{"name":"(anonymous_2)","decl":{"start":{"line":11,"column":26},"end":{"line":11,"column":27}},"loc":{"start":{"line":11,"column":37},"end":{"line":17,"column":3}}}},"branchMap":{"0":{"loc":{"start":{"line":12,"column":3},"end":{"line":16,"column":null}},"type":"if","locations":[{"start":{"line":12,"column":3},"end":{"line":16,"column":null}},{"start":{"line":14,"column":10},"end":{"line":16,"column":null}}]}},"s":{"0":1,"1":1,"2":2,"3":6,"4":6,"5":6,"6":0,"7":6,"8":1},"f":{"0":2,"1":6,"2":6},"b":{"0":[0,6]}}
,"D:\\ItIncubator\\samurai\\study\\NodeJsCourse\\myApi\\src\\config\\config.service.ts": {"path":"D:\\ItIncubator\\samurai\\study\\NodeJsCourse\\myApi\\src\\config\\config.service.ts","statementMap":{"0":{"start":{"line":2,"column":0},"end":{"line":2,"column":71}},"1":{"start":{"line":3,"column":0},"end":{"line":3,"column":47}},"2":{"start":{"line":4,"column":0},"end":{"line":4,"column":33}},"3":{"start":{"line":5,"column":0},"end":{"line":5,"column":57}},"4":{"start":{"line":8,"column":0},"end":{"line":24,"column":null}},"5":{"start":{"line":11,"column":51},"end":{"line":11,"column":59}},"6":{"start":{"line":12,"column":37},"end":{"line":12,"column":45}},"7":{"start":{"line":13,"column":2},"end":{"line":18,"column":null}},"8":{"start":{"line":14,"column":3},"end":{"line":14,"column":61}},"9":{"start":{"line":16,"column":3},"end":{"line":16,"column":53}},"10":{"start":{"line":17,"column":3},"end":{"line":17,"column":52}},"11":{"start":{"line":22,"column":2},"end":{"line":22,"column":26}},"12":{"start":{"line":8,"column":13},"end":{"line":24,"column":null}},"13":{"start":{"line":8,"column":13},"end":{"line":8,"column":26}}},"fnMap":{"0":{"name":"(anonymous_4)","decl":{"start":{"line":11,"column":1},"end":{"line":11,"column":14}},"loc":{"start":{"line":11,"column":72},"end":{"line":19,"column":2}}},"1":{"name":"(anonymous_5)","decl":{"start":{"line":21,"column":1},"end":{"line":21,"column":4}},"loc":{"start":{"line":21,"column":16},"end":{"line":23,"column":2}}}},"branchMap":{"0":{"loc":{"start":{"line":13,"column":2},"end":{"line":18,"column":null}},"type":"if","locations":[{"start":{"line":13,"column":2},"end":{"line":18,"column":null}},{"start":{"line":15,"column":9},"end":{"line":18,"column":null}}]}},"s":{"0":1,"1":1,"2":1,"3":1,"4":1,"5":1,"6":1,"7":1,"8":0,"9":1,"10":1,"11":6,"12":1,"13":1},"f":{"0":1,"1":6},"b":{"0":[0,1]}}
,"D:\\ItIncubator\\samurai\\study\\NodeJsCourse\\myApi\\src\\database\\prisma.service.ts": {"path":"D:\\ItIncubator\\samurai\\study\\NodeJsCourse\\myApi\\src\\database\\prisma.service.ts","statementMap":{"0":{"start":{"line":1,"column":0},"end":{"line":1,"column":47}},"1":{"start":{"line":2,"column":0},"end":{"line":2,"column":46}},"2":{"start":{"line":3,"column":0},"end":{"line":3,"column":33}},"3":{"start":{"line":4,"column":0},"end":{"line":4,"column":57}},"4":{"start":{"line":7,"column":0},"end":{"line":28,"column":null}},"5":{"start":{"line":10,"column":51},"end":{"line":10,"column":59}},"6":{"start":{"line":11,"column":2},"end":{"line":11,"column":35}},"7":{"start":{"line":15,"column":2},"end":{"line":22,"column":null}},"8":{"start":{"line":16,"column":3},"end":{"line":16,"column":32}},"9":{"start":{"line":17,"column":3},"end":{"line":17,"column":72}},"10":{"start":{"line":19,"column":3},"end":{"line":21,"column":null}},"11":{"start":{"line":20,"column":4},"end":{"line":20,"column":89}},"12":{"start":{"line":26,"column":2},"end":{"line":26,"column":34}},"13":{"start":{"line":7,"column":13},"end":{"line":28,"column":null}},"14":{"start":{"line":7,"column":13},"end":{"line":7,"column":26}}},"fnMap":{"0":{"name":"(anonymous_11)","decl":{"start":{"line":10,"column":1},"end":{"line":10,"column":14}},"loc":{"start":{"line":10,"column":72},"end":{"line":12,"column":2}}},"1":{"name":"(anonymous_12)","decl":{"start":{"line":14,"column":7},"end":{"line":14,"column":14}},"loc":{"start":{"line":14,"column":14},"end":{"line":23,"column":null}}},"2":{"name":"(anonymous_14)","decl":{"start":{"line":25,"column":7},"end":{"line":25,"column":17}},"loc":{"start":{"line":25,"column":17},"end":{"line":27,"column":null}}}},"branchMap":{"0":{"loc":{"start":{"line":19,"column":3},"end":{"line":21,"column":null}},"type":"if","locations":[{"start":{"line":19,"column":3},"end":{"line":21,"column":null}}]}},"s":{"0":1,"1":1,"2":1,"3":1,"4":1,"5":1,"6":1,"7":1,"8":1,"9":1,"10":0,"11":0,"12":0,"13":1,"14":1},"f":{"0":1,"1":1,"2":0},"b":{"0":[0]}}
,"D:\\ItIncubator\\samurai\\study\\NodeJsCourse\\myApi\\src\\errors\\exception.filter.ts": {"path":"D:\\ItIncubator\\samurai\\study\\NodeJsCourse\\myApi\\src\\errors\\exception.filter.ts","statementMap":{"0":{"start":{"line":3,"column":0},"end":{"line":3,"column":41}},"1":{"start":{"line":4,"column":0},"end":{"line":4,"column":47}},"2":{"start":{"line":6,"column":0},"end":{"line":6,"column":33}},"3":{"start":{"line":7,"column":0},"end":{"line":7,"column":26}},"4":{"start":{"line":10,"column":0},"end":{"line":22,"column":null}},"5":{"start":{"line":11,"column":51},"end":{"line":11,"column":75}},"6":{"start":{"line":14,"column":2},"end":{"line":20,"column":null}},"7":{"start":{"line":15,"column":3},"end":{"line":15,"column":80}},"8":{"start":{"line":16,"column":3},"end":{"line":16,"column":57}},"9":{"start":{"line":18,"column":3},"end":{"line":18,"column":39}},"10":{"start":{"line":19,"column":3},"end":{"line":19,"column":46}},"11":{"start":{"line":10,"column":13},"end":{"line":22,"column":null}},"12":{"start":{"line":10,"column":13},"end":{"line":10,"column":28}}},"fnMap":{"0":{"name":"(anonymous_4)","decl":{"start":{"line":11,"column":1},"end":{"line":11,"column":14}},"loc":{"start":{"line":11,"column":75},"end":{"line":11,"column":79}}},"1":{"name":"(anonymous_5)","decl":{"start":{"line":13,"column":1},"end":{"line":13,"column":6}},"loc":{"start":{"line":13,"column":78},"end":{"line":21,"column":2}}}},"branchMap":{"0":{"loc":{"start":{"line":14,"column":2},"end":{"line":20,"column":null}},"type":"if","locations":[{"start":{"line":14,"column":2},"end":{"line":20,"column":null}},{"start":{"line":17,"column":9},"end":{"line":20,"column":null}}]}},"s":{"0":1,"1":1,"2":1,"3":1,"4":1,"5":1,"6":2,"7":2,"8":2,"9":0,"10":0,"11":1,"12":1},"f":{"0":1,"1":2},"b":{"0":[2,0]}}
,"D:\\ItIncubator\\samurai\\study\\NodeJsCourse\\myApi\\src\\errors\\http.error.ts": {"path":"D:\\ItIncubator\\samurai\\study\\NodeJsCourse\\myApi\\src\\errors\\http.error.ts","statementMap":{"0":{"start":{"line":7,"column":2},"end":{"line":7,"column":17}},"1":{"start":{"line":8,"column":2},"end":{"line":8,"column":25}},"2":{"start":{"line":9,"column":2},"end":{"line":9,"column":31}},"3":{"start":{"line":10,"column":2},"end":{"line":10,"column":25}},"4":{"start":{"line":1,"column":0},"end":{"line":1,"column":13}}},"fnMap":{"0":{"name":"(anonymous_0)","decl":{"start":{"line":6,"column":1},"end":{"line":6,"column":13}},"loc":{"start":{"line":6,"column":66},"end":{"line":11,"column":2}}}},"branchMap":{},"s":{"0":2,"1":2,"2":2,"3":2,"4":1},"f":{"0":2},"b":{}}
,"D:\\ItIncubator\\samurai\\study\\NodeJsCourse\\myApi\\src\\logger\\logger.service.ts": {"path":"D:\\ItIncubator\\samurai\\study\\NodeJsCourse\\myApi\\src\\logger\\logger.service.ts","statementMap":{"0":{"start":{"line":1,"column":0},"end":{"line":1,"column":31}},"1":{"start":{"line":3,"column":0},"end":{"line":3,"column":39}},"2":{"start":{"line":4,"column":0},"end":{"line":4,"column":26}},"3":{"start":{"line":6,"column":0},"end":{"line":29,"column":null}},"4":{"start":{"line":10,"column":2},"end":{"line":15,"column":5}},"5":{"start":{"line":19,"column":2},"end":{"line":19,"column":28}},"6":{"start":{"line":23,"column":2},"end":{"line":23,"column":29}},"7":{"start":{"line":27,"column":2},"end":{"line":27,"column":28}},"8":{"start":{"line":6,"column":13},"end":{"line":29,"column":null}},"9":{"start":{"line":6,"column":13},"end":{"line":6,"column":26}}},"fnMap":{"0":{"name":"(anonymous_2)","decl":{"start":{"line":9,"column":1},"end":{"line":9,"column":null}},"loc":{"start":{"line":9,"column":1},"end":{"line":16,"column":2}}},"1":{"name":"(anonymous_3)","decl":{"start":{"line":18,"column":1},"end":{"line":18,"column":4}},"loc":{"start":{"line":18,"column":23},"end":{"line":20,"column":2}}},"2":{"name":"(anonymous_4)","decl":{"start":{"line":22,"column":1},"end":{"line":22,"column":6}},"loc":{"start":{"line":22,"column":25},"end":{"line":24,"column":2}}},"3":{"name":"(anonymous_5)","decl":{"start":{"line":26,"column":1},"end":{"line":26,"column":5}},"loc":{"start":{"line":26,"column":24},"end":{"line":28,"column":2}}}},"branchMap":{},"s":{"0":1,"1":1,"2":1,"3":1,"4":1,"5":6,"6":2,"7":0,"8":1,"9":1},"f":{"0":1,"1":6,"2":2,"3":0},"b":{}}
,"D:\\ItIncubator\\samurai\\study\\NodeJsCourse\\myApi\\src\\users\\user.controller.ts": {"path":"D:\\ItIncubator\\samurai\\study\\NodeJsCourse\\myApi\\src\\users\\user.controller.ts","statementMap":{"0":{"start":{"line":1,"column":0},"end":{"line":1,"column":59}},"1":{"start":{"line":3,"column":0},"end":{"line":3,"column":49}},"2":{"start":{"line":4,"column":0},"end":{"line":4,"column":47}},"3":{"start":{"line":5,"column":0},"end":{"line":5,"column":33}},"4":{"start":{"line":6,"column":0},"end":{"line":6,"column":26}},"5":{"start":{"line":8,"column":0},"end":{"line":8,"column":52}},"6":{"start":{"line":9,"column":0},"end":{"line":9,"column":58}},"7":{"start":{"line":11,"column":0},"end":{"line":11,"column":67}},"8":{"start":{"line":12,"column":0},"end":{"line":12,"column":36}},"9":{"start":{"line":14,"column":0},"end":{"line":14,"column":67}},"10":{"start":{"line":15,"column":0},"end":{"line":15,"column":49}},"11":{"start":{"line":18,"column":0},"end":{"line":97,"column":null}},"12":{"start":{"line":24,"column":2},"end":{"line":24,"column":23}},"13":{"start":{"line":20,"column":40},"end":{"line":20,"column":71}},"14":{"start":{"line":21,"column":38},"end":{"line":21,"column":52}},"15":{"start":{"line":22,"column":39},"end":{"line":22,"column":68}},"16":{"start":{"line":25,"column":2},"end":{"line":44,"column":5}},"17":{"start":{"line":52,"column":17},"end":{"line":52,"column":59}},"18":{"start":{"line":53,"column":2},"end":{"line":55,"column":null}},"19":{"start":{"line":54,"column":3},"end":{"line":54,"column":67}},"20":{"start":{"line":56,"column":14},"end":{"line":56,"column":78}},"21":{"start":{"line":57,"column":2},"end":{"line":57,"column":24}},"22":{"start":{"line":65,"column":17},"end":{"line":65,"column":57}},"23":{"start":{"line":66,"column":2},"end":{"line":68,"column":null}},"24":{"start":{"line":67,"column":3},"end":{"line":67,"column":69}},"25":{"start":{"line":69,"column":2},"end":{"line":69,"column":55}},"26":{"start":{"line":73,"column":19},"end":{"line":73,"column":60}},"27":{"start":{"line":74,"column":2},"end":{"line":74,"column":61}},"28":{"start":{"line":78,"column":2},"end":{"line":95,"column":5}},"29":{"start":{"line":79,"column":3},"end":{"line":94,"column":5}},"30":{"start":{"line":89,"column":5},"end":{"line":91,"column":null}},"31":{"start":{"line":90,"column":6},"end":{"line":90,"column":15}},"32":{"start":{"line":92,"column":5},"end":{"line":92,"column":26}},"33":{"start":{"line":18,"column":13},"end":{"line":97,"column":null}},"34":{"start":{"line":18,"column":13},"end":{"line":18,"column":27}}},"fnMap":{"0":{"name":"(anonymous_11)","decl":{"start":{"line":19,"column":1},"end":{"line":19,"column":null}},"loc":{"start":{"line":22,"column":68},"end":{"line":45,"column":2}}},"1":{"name":"(anonymous_12)","decl":{"start":{"line":47,"column":7},"end":{"line":47,"column":16}},"loc":{"start":{"line":50,"column":20},"end":{"line":58,"column":null}}},"2":{"name":"(anonymous_14)","decl":{"start":{"line":60,"column":7},"end":{"line":60,"column":19}},"loc":{"start":{"line":63,"column":20},"end":{"line":70,"column":null}}},"3":{"name":"(anonymous_16)","decl":{"start":{"line":72,"column":7},"end":{"line":72,"column":11}},"loc":{"start":{"line":72,"column":64},"end":{"line":75,"column":null}}},"4":{"name":"(anonymous_18)","decl":{"start":{"line":77,"column":9},"end":{"line":77,"column":16}},"loc":{"start":{"line":77,"column":46},"end":{"line":96,"column":2}}},"5":{"name":"(anonymous_19)","decl":{"start":{"line":78,"column":29},"end":{"line":78,"column":30}},"loc":{"start":{"line":78,"column":42},"end":{"line":95,"column":3}}},"6":{"name":"(anonymous_20)","decl":{"start":{"line":88,"column":4},"end":{"line":88,"column":5}},"loc":{"start":{"line":88,"column":19},"end":{"line":93,"column":5}}}},"branchMap":{"0":{"loc":{"start":{"line":53,"column":2},"end":{"line":55,"column":null}},"type":"if","locations":[{"start":{"line":53,"column":2},"end":{"line":55,"column":null}}]},"1":{"loc":{"start":{"line":66,"column":2},"end":{"line":68,"column":null}},"type":"if","locations":[{"start":{"line":66,"column":2},"end":{"line":68,"column":null}}]},"2":{"loc":{"start":{"line":74,"column":24},"end":{"line":74,"column":39}},"type":"cond-expr","locations":[{"start":{"line":74,"column":32},"end":{"line":74,"column":34}},{"start":{"line":74,"column":24},"end":{"line":74,"column":39}}]},"3":{"loc":{"start":{"line":74,"column":24},"end":{"line":74,"column":34}},"type":"binary-expr","locations":[{"start":{"line":74,"column":24},"end":{"line":74,"column":34}},{"start":{"line":74,"column":24},"end":{"line":74,"column":34}}]},"4":{"loc":{"start":{"line":74,"column":45},"end":{"line":74,"column":57}},"type":"cond-expr","locations":[{"start":{"line":74,"column":53},"end":{"line":74,"column":55}},{"start":{"line":74,"column":45},"end":{"line":74,"column":57}}]},"5":{"loc":{"start":{"line":74,"column":45},"end":{"line":74,"column":55}},"type":"binary-expr","locations":[{"start":{"line":74,"column":45},"end":{"line":74,"column":55}},{"start":{"line":74,"column":45},"end":{"line":74,"column":55}}]},"6":{"loc":{"start":{"line":89,"column":5},"end":{"line":91,"column":null}},"type":"if","locations":[{"start":{"line":89,"column":5},"end":{"line":91,"column":null}}]}},"s":{"0":1,"1":1,"2":1,"3":1,"4":1,"5":1,"6":1,"7":1,"8":1,"9":1,"10":1,"11":1,"12":1,"13":1,"14":1,"15":1,"16":1,"17":4,"18":4,"19":1,"20":3,"21":3,"22":2,"23":2,"24":1,"25":1,"26":1,"27":1,"28":3,"29":3,"30":3,"31":0,"32":3,"33":1,"34":1},"f":{"0":1,"1":4,"2":2,"3":1,"4":3,"5":3,"6":3},"b":{"0":[1],"1":[1],"2":[0,1],"3":[1,1],"4":[0,1],"5":[1,1],"6":[0]}}
,"D:\\ItIncubator\\samurai\\study\\NodeJsCourse\\myApi\\src\\users\\user.entity.ts": {"path":"D:\\ItIncubator\\samurai\\study\\NodeJsCourse\\myApi\\src\\users\\user.entity.ts","statementMap":{"0":{"start":{"line":1,"column":0},"end":{"line":1,"column":54}},"1":{"start":{"line":7,"column":19},"end":{"line":7,"column":33}},"2":{"start":{"line":8,"column":19},"end":{"line":8,"column":32}},"3":{"start":{"line":11,"column":2},"end":{"line":13,"column":null}},"4":{"start":{"line":12,"column":3},"end":{"line":12,"column":33}},"5":{"start":{"line":17,"column":2},"end":{"line":17,"column":21}},"6":{"start":{"line":21,"column":2},"end":{"line":21,"column":20}},"7":{"start":{"line":25,"column":2},"end":{"line":25,"column":24}},"8":{"start":{"line":29,"column":2},"end":{"line":29,"column":42}},"9":{"start":{"line":33,"column":2},"end":{"line":33,"column":43}},"10":{"start":{"line":3,"column":0},"end":{"line":3,"column":13}}},"fnMap":{"0":{"name":"(anonymous_7)","decl":{"start":{"line":6,"column":1},"end":{"line":6,"column":null}},"loc":{"start":{"line":9,"column":23},"end":{"line":14,"column":2}}},"1":{"name":"(anonymous_8)","decl":{"start":{"line":16,"column":1},"end":{"line":16,"column":5}},"loc":{"start":{"line":16,"column":10},"end":{"line":18,"column":2}}},"2":{"name":"(anonymous_9)","decl":{"start":{"line":20,"column":1},"end":{"line":20,"column":5}},"loc":{"start":{"line":20,"column":9},"end":{"line":22,"column":2}}},"3":{"name":"(anonymous_10)","decl":{"start":{"line":24,"column":1},"end":{"line":24,"column":5}},"loc":{"start":{"line":24,"column":13},"end":{"line":26,"column":2}}},"4":{"name":"(anonymous_11)","decl":{"start":{"line":28,"column":14},"end":{"line":28,"column":25}},"loc":{"start":{"line":28,"column":52},"end":{"line":30,"column":null}}},"5":{"name":"(anonymous_13)","decl":{"start":{"line":32,"column":14},"end":{"line":32,"column":30}},"loc":{"start":{"line":32,"column":47},"end":{"line":34,"column":null}}}},"branchMap":{"0":{"loc":{"start":{"line":11,"column":2},"end":{"line":13,"column":null}},"type":"if","locations":[{"start":{"line":11,"column":2},"end":{"line":13,"column":null}}]}},"s":{"0":1,"1":5,"2":5,"3":5,"4":3,"5":1,"6":1,"7":1,"8":2,"9":3,"10":1},"f":{"0":5,"1":1,"2":1,"3":1,"4":2,"5":3},"b":{"0":[3]}}
,"D:\\ItIncubator\\samurai\\study\\NodeJsCourse\\myApi\\src\\users\\users.repository.ts": {"path":"D:\\ItIncubator\\samurai\\study\\NodeJsCourse\\myApi\\src\\users\\users.repository.ts","statementMap":{"0":{"start":{"line":4,"column":0},"end":{"line":4,"column":47}},"1":{"start":{"line":5,"column":0},"end":{"line":5,"column":59}},"2":{"start":{"line":6,"column":0},"end":{"line":6,"column":33}},"3":{"start":{"line":9,"column":0},"end":{"line":29,"column":null}},"4":{"start":{"line":10,"column":50},"end":{"line":10,"column":65}},"5":{"start":{"line":13,"column":2},"end":{"line":19,"column":5}},"6":{"start":{"line":23,"column":2},"end":{"line":27,"column":5}},"7":{"start":{"line":9,"column":13},"end":{"line":29,"column":null}},"8":{"start":{"line":9,"column":13},"end":{"line":9,"column":28}}},"fnMap":{"0":{"name":"(anonymous_11)","decl":{"start":{"line":10,"column":1},"end":{"line":10,"column":14}},"loc":{"start":{"line":10,"column":78},"end":{"line":10,"column":82}}},"1":{"name":"(anonymous_12)","decl":{"start":{"line":12,"column":7},"end":{"line":12,"column":13}},"loc":{"start":{"line":12,"column":45},"end":{"line":20,"column":null}}},"2":{"name":"(anonymous_14)","decl":{"start":{"line":22,"column":7},"end":{"line":22,"column":11}},"loc":{"start":{"line":22,"column":25},"end":{"line":28,"column":null}}}},"branchMap":{},"s":{"0":1,"1":1,"2":1,"3":1,"4":1,"5":1,"6":7,"7":1,"8":1},"f":{"0":1,"1":1,"2":7},"b":{}}
,"D:\\ItIncubator\\samurai\\study\\NodeJsCourse\\myApi\\src\\users\\users.service.interface.ts": {"path":"D:\\ItIncubator\\samurai\\study\\NodeJsCourse\\myApi\\src\\users\\users.service.interface.ts","statementMap":{"0":{"start":{"line":6,"column":0},"end":{"line":6,"column":13}}},"fnMap":{},"branchMap":{},"s":{"0":1},"f":{},"b":{}}
,"D:\\ItIncubator\\samurai\\study\\NodeJsCourse\\myApi\\src\\users\\users.service.ts": {"path":"D:\\ItIncubator\\samurai\\study\\NodeJsCourse\\myApi\\src\\users\\users.service.ts","statementMap":{"0":{"start":{"line":4,"column":0},"end":{"line":4,"column":37}},"1":{"start":{"line":5,"column":0},"end":{"line":5,"column":47}},"2":{"start":{"line":6,"column":0},"end":{"line":6,"column":26}},"3":{"start":{"line":7,"column":0},"end":{"line":7,"column":33}},"4":{"start":{"line":13,"column":0},"end":{"line":47,"column":null}},"5":{"start":{"line":15,"column":39},"end":{"line":15,"column":68}},"6":{"start":{"line":16,"column":41},"end":{"line":16,"column":74}},"7":{"start":{"line":20,"column":18},"end":{"line":20,"column":39}},"8":{"start":{"line":21,"column":15},"end":{"line":21,"column":45}},"9":{"start":{"line":22,"column":2},"end":{"line":22,"column":52}},"10":{"start":{"line":23,"column":22},"end":{"line":23,"column":60}},"11":{"start":{"line":24,"column":2},"end":{"line":26,"column":null}},"12":{"start":{"line":25,"column":3},"end":{"line":25,"column":15}},"13":{"start":{"line":27,"column":2},"end":{"line":27,"column":46}},"14":{"start":{"line":31,"column":22},"end":{"line":31,"column":60}},"15":{"start":{"line":32,"column":2},"end":{"line":41,"column":null}},"16":{"start":{"line":33,"column":19},"end":{"line":33,"column":86}},"17":{"start":{"line":34,"column":3},"end":{"line":38,"column":null}},"18":{"start":{"line":35,"column":4},"end":{"line":35,"column":23}},"19":{"start":{"line":37,"column":4},"end":{"line":37,"column":16}},"20":{"start":{"line":40,"column":3},"end":{"line":40,"column":15}},"21":{"start":{"line":45,"column":2},"end":{"line":45,"column":42}},"22":{"start":{"line":13,"column":13},"end":{"line":47,"column":null}},"23":{"start":{"line":13,"column":13},"end":{"line":13,"column":25}}},"fnMap":{"0":{"name":"(anonymous_11)","decl":{"start":{"line":14,"column":1},"end":{"line":14,"column":null}},"loc":{"start":{"line":16,"column":74},"end":{"line":17,"column":5}}},"1":{"name":"(anonymous_12)","decl":{"start":{"line":19,"column":7},"end":{"line":19,"column":17}},"loc":{"start":{"line":19,"column":60},"end":{"line":28,"column":null}}},"2":{"name":"(anonymous_14)","decl":{"start":{"line":30,"column":7},"end":{"line":30,"column":19}},"loc":{"start":{"line":30,"column":53},"end":{"line":42,"column":null}}},"3":{"name":"(anonymous_16)","decl":{"start":{"line":44,"column":7},"end":{"line":44,"column":18}},"loc":{"start":{"line":44,"column":32},"end":{"line":46,"column":null}}}},"branchMap":{"0":{"loc":{"start":{"line":24,"column":2},"end":{"line":26,"column":null}},"type":"if","locations":[{"start":{"line":24,"column":2},"end":{"line":26,"column":null}}]},"1":{"loc":{"start":{"line":32,"column":2},"end":{"line":41,"column":null}},"type":"if","locations":[{"start":{"line":32,"column":2},"end":{"line":41,"column":null}},{"start":{"line":39,"column":9},"end":{"line":41,"column":null}}]},"2":{"loc":{"start":{"line":34,"column":3},"end":{"line":38,"column":null}},"type":"if","locations":[{"start":{"line":34,"column":3},"end":{"line":38,"column":null}},{"start":{"line":36,"column":10},"end":{"line":38,"column":null}}]}},"s":{"0":1,"1":1,"2":1,"3":1,"4":1,"5":1,"6":1,"7":2,"8":2,"9":2,"10":2,"11":2,"12":1,"13":1,"14":4,"15":4,"16":3,"17":3,"18":3,"19":0,"20":1,"21":1,"22":1,"23":1},"f":{"0":1,"1":2,"2":4,"3":1},"b":{"0":[1],"1":[3,1],"2":[3,0]}}
,"D:\\ItIncubator\\samurai\\study\\NodeJsCourse\\myApi\\src\\users\\dto\\user-login.dto.ts": {"path":"D:\\ItIncubator\\samurai\\study\\NodeJsCourse\\myApi\\src\\users\\dto\\user-login.dto.ts","statementMap":{"0":{"start":{"line":1,"column":0},"end":{"line":1,"column":52}},"1":{"start":{"line":5,"column":1},"end":{"line":5,"column":null}},"2":{"start":{"line":7,"column":1},"end":{"line":7,"column":null}},"3":{"start":{"line":3,"column":0},"end":{"line":3,"column":13}}},"fnMap":{},"branchMap":{},"s":{"0":1,"1":1,"2":1,"3":1},"f":{},"b":{}}
,"D:\\ItIncubator\\samurai\\study\\NodeJsCourse\\myApi\\src\\users\\dto\\user-register.dto.ts": {"path":"D:\\ItIncubator\\samurai\\study\\NodeJsCourse\\myApi\\src\\users\\dto\\user-register.dto.ts","statementMap":{"0":{"start":{"line":1,"column":0},"end":{"line":1,"column":52}},"1":{"start":{"line":5,"column":1},"end":{"line":5,"column":null}},"2":{"start":{"line":7,"column":1},"end":{"line":7,"column":null}},"3":{"start":{"line":9,"column":1},"end":{"line":9,"column":null}},"4":{"start":{"line":3,"column":0},"end":{"line":3,"column":13}}},"fnMap":{},"branchMap":{},"s":{"0":1,"1":1,"2":1,"3":1,"4":1},"f":{},"b":{}}
}
