TN:
SF:src\app.ts
FN:20,(anonymous_12)
FN:31,(anonymous_13)
FN:37,(anonymous_14)
FN:41,(anonymous_15)
FN:45,(anonymous_16)
FN:54,(anonymous_18)
FNF:6
FNH:6
FNDA:1,(anonymous_12)
FNDA:1,(anonymous_13)
FNDA:1,(anonymous_14)
FNDA:1,(anonymous_15)
FNDA:1,(anonymous_16)
FNDA:1,(anonymous_18)
DA:1,1
DA:3,1
DA:4,1
DA:5,1
DA:6,1
DA:7,1
DA:8,1
DA:11,1
DA:12,1
DA:15,1
DA:21,1
DA:22,1
DA:23,1
DA:24,1
DA:25,1
DA:27,1
DA:28,1
DA:32,1
DA:33,1
DA:34,1
DA:38,1
DA:42,1
DA:46,1
DA:47,1
DA:48,1
DA:49,1
DA:50,1
DA:51,1
DA:55,1
LF:29
LH:29
BRF:0
BRH:0
end_of_record
TN:
SF:src\main.ts
FN:22,(anonymous_7)
FN:33,bootstrap
FNF:2
FNH:2
FNDA:1,(anonymous_7)
FNDA:1,bootstrap
DA:1,1
DA:2,1
DA:3,1
DA:4,1
DA:5,1
DA:7,1
DA:10,1
DA:12,1
DA:13,1
DA:14,1
DA:22,1
DA:23,1
DA:24,1
DA:25,1
DA:26,1
DA:27,1
DA:28,1
DA:29,1
DA:30,1
DA:34,1
DA:35,1
DA:36,1
DA:37,1
DA:38,1
DA:41,1
LF:25
LH:25
BRF:0
BRH:0
end_of_record
TN:
SF:src\types.ts
FNF:0
FNH:0
DA:5,1
LF:1
LH:1
BRF:0
BRH:0
end_of_record
TN:
SF:src\common\auth.guard.ts
FN:5,(anonymous_0)
FNF:1
FNH:1
FNDA:2,(anonymous_0)
DA:4,1
DA:6,2
DA:7,1
DA:10,1
LF:4
LH:4
BRDA:6,0,0,1
BRF:1
BRH:1
end_of_record
TN:
SF:src\common\auth.middleware.ts
FN:6,(anonymous_0)
FN:8,(anonymous_1)
FN:10,(anonymous_2)
FNF:3
FNH:3
FNDA:1,(anonymous_0)
FNDA:8,(anonymous_1)
FNDA:2,(anonymous_2)
DA:3,1
DA:5,1
DA:6,1
DA:9,8
DA:10,2
DA:11,2
DA:12,1
DA:13,1
DA:14,1
DA:15,1
DA:17,1
DA:21,6
LF:12
LH:12
BRDA:9,0,0,2
BRDA:9,0,1,6
BRDA:11,1,0,1
BRDA:11,1,1,1
BRDA:13,2,0,1
BRDA:14,3,0,1
BRF:6
BRH:6
end_of_record
TN:
SF:src\common\base.controller.ts
FN:12,(anonymous_4)
FN:16,(anonymous_5)
FN:20,(anonymous_6)
FN:25,(anonymous_7)
FN:29,(anonymous_8)
FN:33,(anonymous_9)
FN:36,(anonymous_10)
FNF:7
FNH:6
FNDA:1,(anonymous_4)
FNDA:4,(anonymous_5)
FNDA:5,(anonymous_6)
FNDA:0,(anonymous_7)
FNDA:5,(anonymous_8)
FNDA:1,(anonymous_9)
FNDA:3,(anonymous_10)
DA:1,1
DA:3,1
DA:4,1
DA:5,1
DA:9,1
DA:12,1
DA:13,1
DA:17,4
DA:21,5
DA:22,5
DA:26,0
DA:30,5
DA:34,1
DA:35,3
DA:36,3
DA:37,3
DA:38,3
DA:39,3
LF:18
LH:17
BRDA:36,0,0,0
BRDA:36,0,1,3
BRDA:36,1,0,3
BRDA:36,1,1,3
BRDA:38,2,0,3
BRDA:38,2,1,0
BRF:6
BRH:4
end_of_record
TN:
SF:src\common\validate.middleware.ts
FN:7,(anonymous_0)
FN:9,(anonymous_1)
FN:11,(anonymous_2)
FNF:3
FNH:3
FNDA:2,(anonymous_0)
FNDA:6,(anonymous_1)
FNDA:6,(anonymous_2)
DA:3,1
DA:4,1
DA:6,1
DA:7,2
DA:10,6
DA:11,6
DA:12,6
DA:13,0
DA:15,6
LF:9
LH:8
BRDA:12,0,0,0
BRDA:12,0,1,6
BRF:2
BRH:1
end_of_record
TN:
SF:src\config\config.service.ts
FN:11,(anonymous_4)
FN:21,(anonymous_5)
FNF:2
FNH:2
FNDA:1,(anonymous_4)
FNDA:6,(anonymous_5)
DA:2,1
DA:3,1
DA:4,1
DA:5,1
DA:8,1
DA:11,1
DA:12,1
DA:13,1
DA:14,0
DA:16,1
DA:17,1
DA:22,6
LF:12
LH:11
BRDA:13,0,0,0
BRDA:13,0,1,1
BRF:2
BRH:1
end_of_record
TN:
SF:src\database\prisma.service.ts
FN:10,(anonymous_11)
FN:14,(anonymous_12)
FN:25,(anonymous_14)
FNF:3
FNH:2
FNDA:1,(anonymous_11)
FNDA:1,(anonymous_12)
FNDA:0,(anonymous_14)
DA:1,1
DA:2,1
DA:3,1
DA:4,1
DA:7,1
DA:10,1
DA:11,1
DA:15,1
DA:16,1
DA:17,1
DA:19,0
DA:20,0
DA:26,0
LF:13
LH:10
BRDA:19,0,0,0
BRF:1
BRH:0
end_of_record
TN:
SF:src\errors\exception.filter.ts
FN:11,(anonymous_4)
FN:13,(anonymous_5)
FNF:2
FNH:2
FNDA:1,(anonymous_4)
FNDA:2,(anonymous_5)
DA:3,1
DA:4,1
DA:6,1
DA:7,1
DA:10,1
DA:11,1
DA:14,2
DA:15,2
DA:16,2
DA:18,0
DA:19,0
LF:11
LH:9
BRDA:14,0,0,2
BRDA:14,0,1,0
BRF:2
BRH:1
end_of_record
TN:
SF:src\errors\http.error.ts
FN:6,(anonymous_0)
FNF:1
FNH:1
FNDA:2,(anonymous_0)
DA:1,1
DA:7,2
DA:8,2
DA:9,2
DA:10,2
LF:5
LH:5
BRF:0
BRH:0
end_of_record
TN:
SF:src\logger\logger.service.ts
FN:9,(anonymous_2)
FN:18,(anonymous_3)
FN:22,(anonymous_4)
FN:26,(anonymous_5)
FNF:4
FNH:3
FNDA:1,(anonymous_2)
FNDA:6,(anonymous_3)
FNDA:2,(anonymous_4)
FNDA:0,(anonymous_5)
DA:1,1
DA:3,1
DA:4,1
DA:6,1
DA:10,1
DA:19,6
DA:23,2
DA:27,0
LF:8
LH:7
BRF:0
BRH:0
end_of_record
TN:
SF:src\users\user.controller.ts
FN:19,(anonymous_11)
FN:47,(anonymous_12)
FN:60,(anonymous_14)
FN:72,(anonymous_16)
FN:77,(anonymous_18)
FN:78,(anonymous_19)
FN:88,(anonymous_20)
FNF:7
FNH:7
FNDA:1,(anonymous_11)
FNDA:4,(anonymous_12)
FNDA:2,(anonymous_14)
FNDA:1,(anonymous_16)
FNDA:3,(anonymous_18)
FNDA:3,(anonymous_19)
FNDA:3,(anonymous_20)
DA:1,1
DA:3,1
DA:4,1
DA:5,1
DA:6,1
DA:8,1
DA:9,1
DA:11,1
DA:12,1
DA:14,1
DA:15,1
DA:18,1
DA:20,1
DA:21,1
DA:22,1
DA:24,1
DA:25,1
DA:52,4
DA:53,4
DA:54,1
DA:56,3
DA:57,3
DA:65,2
DA:66,2
DA:67,1
DA:69,1
DA:73,1
DA:74,1
DA:78,3
DA:79,3
DA:89,3
DA:90,0
DA:92,3
LF:33
LH:32
BRDA:53,0,0,1
BRDA:66,1,0,1
BRDA:74,2,0,0
BRDA:74,2,1,1
BRDA:74,3,0,1
BRDA:74,3,1,1
BRDA:74,4,0,0
BRDA:74,4,1,1
BRDA:74,5,0,1
BRDA:74,5,1,1
BRDA:89,6,0,0
BRF:11
BRH:8
end_of_record
TN:
SF:src\users\user.entity.ts
FN:6,(anonymous_7)
FN:16,(anonymous_8)
FN:20,(anonymous_9)
FN:24,(anonymous_10)
FN:28,(anonymous_11)
FN:32,(anonymous_13)
FNF:6
FNH:6
FNDA:5,(anonymous_7)
FNDA:1,(anonymous_8)
FNDA:1,(anonymous_9)
FNDA:1,(anonymous_10)
FNDA:2,(anonymous_11)
FNDA:3,(anonymous_13)
DA:1,1
DA:3,1
DA:7,5
DA:8,5
DA:11,5
DA:12,3
DA:17,1
DA:21,1
DA:25,1
DA:29,2
DA:33,3
LF:11
LH:11
BRDA:11,0,0,3
BRF:1
BRH:1
end_of_record
TN:
SF:src\users\users.repository.ts
FN:10,(anonymous_11)
FN:12,(anonymous_12)
FN:22,(anonymous_14)
FNF:3
FNH:3
FNDA:1,(anonymous_11)
FNDA:1,(anonymous_12)
FNDA:7,(anonymous_14)
DA:4,1
DA:5,1
DA:6,1
DA:9,1
DA:10,1
DA:13,1
DA:23,7
LF:7
LH:7
BRF:0
BRH:0
end_of_record
TN:
SF:src\users\users.service.interface.ts
FNF:0
FNH:0
DA:6,1
LF:1
LH:1
BRF:0
BRH:0
end_of_record
TN:
SF:src\users\users.service.ts
FN:14,(anonymous_11)
FN:19,(anonymous_12)
FN:30,(anonymous_14)
FN:44,(anonymous_16)
FNF:4
FNH:4
FNDA:1,(anonymous_11)
FNDA:2,(anonymous_12)
FNDA:4,(anonymous_14)
FNDA:1,(anonymous_16)
DA:4,1
DA:5,1
DA:6,1
DA:7,1
DA:13,1
DA:15,1
DA:16,1
DA:20,2
DA:21,2
DA:22,2
DA:23,2
DA:24,2
DA:25,1
DA:27,1
DA:31,4
DA:32,4
DA:33,3
DA:34,3
DA:35,3
DA:37,0
DA:40,1
DA:45,1
LF:22
LH:21
BRDA:24,0,0,1
BRDA:32,1,0,3
BRDA:32,1,1,1
BRDA:34,2,0,3
BRDA:34,2,1,0
BRF:5
BRH:4
end_of_record
TN:
SF:src\users\dto\user-login.dto.ts
FNF:0
FNH:0
DA:1,1
DA:3,1
DA:5,1
DA:7,1
LF:4
LH:4
BRF:0
BRH:0
end_of_record
TN:
SF:src\users\dto\user-register.dto.ts
FNF:0
FNH:0
DA:1,1
DA:3,1
DA:5,1
DA:7,1
DA:9,1
LF:5
LH:5
BRF:0
BRH:0
end_of_record
